
2024/02/25 (18:24:53) | ===> btop++ v.1.3.0
2024/02/25 (18:24:53) | WARNING: No good candidate for cpu sensor found, using random from all found sensors.

2024/02/26 (08:29:48) | ===> btop++ v.1.3.0
2024/02/26 (08:29:48) | WARNING: No good candidate for cpu sensor found, using random from all found sensors.

2024/02/26 (08:30:05) | ===> btop++ v.1.3.0
2024/02/26 (08:30:05) | WARNING: No good candidate for cpu sensor found, using random from all found sensors.

2024/03/02 (20:42:47) | ===> btop++ v.1.3.2
2024/03/02 (20:42:47) | ERROR: Couldn't determine terminal size of "STDOUT_FILENO"!
2024/03/02 (20:42:47) | ERROR: Couldn't determine terminal size of "/dev/tty"!
2024/03/02 (20:42:47) | ERROR: Couldn't determine terminal size of "STDOUT_FILENO"!
2024/03/02 (20:42:47) | ERROR: Couldn't determine terminal size of "/dev/tty"!
2024/03/02 (20:42:47) | ERROR: Couldn't determine terminal size of "STDOUT_FILENO"!
2024/03/02 (20:42:47) | ERROR: Couldn't determine terminal size of "/dev/tty"!
2024/03/02 (20:42:47) | ERROR: Couldn't determine terminal size of "STDOUT_FILENO"!
2024/03/02 (20:42:47) | ERROR: Couldn't determine terminal size of "/dev/tty"!
2024/03/02 (20:42:47) | ERROR: Couldn't determine terminal size of "STDOUT_FILENO"!
2024/03/02 (20:42:47) | ERROR: Couldn't determine terminal size of "/dev/tty"!
2024/03/02 (20:42:47) | ERROR: Couldn't determine terminal size of "STDOUT_FILENO"!
2024/03/02 (20:42:47) | ERROR: Couldn't determine terminal size of "/dev/tty"!
2024/03/02 (20:42:47) | ERROR: Couldn't determine terminal size of "STDOUT_FILENO"!
2024/03/02 (20:42:47) | ERROR: Couldn't determine terminal size of "/dev/tty"!
2024/03/02 (20:42:47) | ERROR: Couldn't determine terminal size of "STDOUT_FILENO"!
2024/03/02 (20:42:47) | ERROR: Couldn't determine terminal size of "/dev/tty"!
2024/03/02 (20:42:47) | ERROR: Couldn't determine terminal size of "STDOUT_FILENO"!
2024/03/02 (20:42:47) | ERROR: Couldn't determine terminal size of "/dev/tty"!
2024/03/02 (20:42:47) | ERROR: Couldn't determine terminal size of "STDOUT_FILENO"!
2024/03/02 (20:42:47) | ERROR: Couldn't determine terminal size of "/dev/tty"!
2024/03/02 (20:42:47) | ERROR: Couldn't determine terminal size of "STDOUT_FILENO"!
2024/03/02 (20:42:47) | ERROR: Couldn't determine terminal size of "/dev/tty"!
2024/03/02 (20:42:47) | ERROR: Couldn't determine terminal size of "STDOUT_FILENO"!
2024/03/02 (20:42:47) | ERROR: Couldn't determine terminal size of "/dev/tty"!
2024/03/02 (20:42:47) | ERROR: Couldn't determine terminal size of "STDOUT_FILENO"!
2024/03/02 (20:42:47) | ERROR: Couldn't determine terminal size of "/dev/tty"!
2024/03/02 (20:42:47) | ERROR: Couldn't determine terminal size of "STDOUT_FILENO"!
2024/03/02 (20:42:47) | ERROR: Couldn't determine terminal size of "/dev/tty"!
2024/03/02 (20:42:47) | ERROR: Couldn't determine terminal size of "STDOUT_FILENO"!
2024/03/02 (20:42:47) | ERROR: Couldn't determine terminal size of "/dev/tty"!
2024/03/02 (20:42:47) | ERROR: Couldn't determine terminal size of "STDOUT_FILENO"!
2024/03/02 (20:42:47) | ERROR: Couldn't determine terminal size of "/dev/tty"!
2024/03/02 (20:42:47) | ERROR: Couldn't determine terminal size of "STDOUT_FILENO"!
2024/03/02 (20:42:47) | ERROR: Couldn't determine terminal size of "/dev/tty"!
2024/03/02 (20:42:47) | ERROR: Couldn't determine terminal size of "STDOUT_FILENO"!
2024/03/02 (20:42:47) | ERROR: Couldn't determine terminal size of "/dev/tty"!
2024/03/02 (20:42:47) | ERROR: Couldn't determine terminal size of "STDOUT_FILENO"!
2024/03/02 (20:42:47) | ERROR: Couldn't determine terminal size of "/dev/tty"!
2024/03/02 (20:42:47) | ERROR: Couldn't determine terminal size of "STDOUT_FILENO"!
2024/03/02 (20:42:47) | ERROR: Couldn't determine terminal size of "/dev/tty"!
2024/03/02 (20:42:47) | ERROR: Couldn't determine terminal size of "STDOUT_FILENO"!
2024/03/02 (20:42:47) | ERROR: Couldn't determine terminal size of "/dev/tty"!
2024/03/02 (20:42:47) | ERROR: Couldn't determine terminal size of "STDOUT_FILENO"!
2024/03/02 (20:42:47) | ERROR: Couldn't determine terminal size of "/dev/tty"!
2024/03/02 (20:42:47) | ERROR: Couldn't determine terminal size of "STDOUT_FILENO"!
2024/03/02 (20:42:47) | ERROR: Couldn't determine terminal size of "/dev/tty"!
2024/03/02 (20:42:47) | ERROR: Couldn't determine terminal size of "STDOUT_FILENO"!
2024/03/02 (20:42:47) | ERROR: Couldn't determine terminal size of "/dev/tty"!
2024/03/02 (20:42:47) | ERROR: Couldn't determine terminal size of "STDOUT_FILENO"!
2024/03/02 (20:42:47) | ERROR: Couldn't determine terminal size of "/dev/tty"!
2024/03/02 (20:42:47) | ERROR: Couldn't determine terminal size of "STDOUT_FILENO"!
2024/03/02 (20:42:47) | ERROR: Couldn't determine terminal size of "/dev/tty"!
2024/03/02 (20:42:47) | ERROR: Couldn't determine terminal size of "STDOUT_FILENO"!
2024/03/02 (20:42:47) | ERROR: Couldn't determine terminal size of "/dev/tty"!
2024/03/02 (20:42:47) | ERROR: Couldn't determine terminal size of "STDOUT_FILENO"!
2024/03/02 (20:42:47) | ERROR: Couldn't determine terminal size of "/dev/tty"!
2024/03/02 (20:42:47) | ERROR: Couldn't determine terminal size of "STDOUT_FILENO"!
2024/03/02 (20:42:47) | ERROR: Couldn't determine terminal size of "/dev/tty"!
2024/03/02 (20:42:47) | ERROR: Couldn't determine terminal size of "STDOUT_FILENO"!
2024/03/02 (20:42:47) | ERROR: Couldn't determine terminal size of "/dev/tty"!
2024/03/02 (20:42:47) | ERROR: Couldn't determine terminal size of "STDOUT_FILENO"!
2024/03/02 (20:42:47) | ERROR: Couldn't determine terminal size of "/dev/tty"!
2024/03/02 (20:42:47) | ERROR: Couldn't determine terminal size of "STDOUT_FILENO"!
2024/03/02 (20:42:47) | ERROR: Couldn't determine terminal size of "/dev/tty"!
2024/03/02 (20:42:47) | ERROR: Couldn't determine terminal size of "STDOUT_FILENO"!
2024/03/02 (20:42:47) | ERROR: Couldn't determine terminal size of "/dev/tty"!
2024/03/02 (20:42:47) | ERROR: Couldn't determine terminal size of "STDOUT_FILENO"!
2024/03/02 (20:42:47) | ERROR: Couldn't determine terminal size of "/dev/tty"!
2024/03/02 (20:42:47) | ERROR: Couldn't determine terminal size of "STDOUT_FILENO"!
2024/03/02 (20:42:47) | ERROR: Couldn't determine terminal size of "/dev/tty"!
2024/03/02 (20:42:47) | ERROR: Couldn't determine terminal size of "STDOUT_FILENO"!
2024/03/02 (20:42:47) | ERROR: Couldn't determine terminal size of "/dev/tty"!
2024/03/02 (20:42:47) | ERROR: Couldn't determine terminal size of "STDOUT_FILENO"!
2024/03/02 (20:42:47) | ERROR: Couldn't determine terminal size of "/dev/tty"!
2024/03/02 (20:42:47) | ERROR: Couldn't determine terminal size of "STDOUT_FILENO"!
2024/03/02 (20:42:47) | ERROR: Couldn't determine terminal size of "/dev/tty"!
2024/03/02 (20:42:47) | ERROR: Couldn't determine terminal size of "STDOUT_FILENO"!
2024/03/02 (20:42:47) | ERROR: Couldn't determine terminal size of "/dev/tty"!
2024/03/02 (20:42:47) | ERROR: Couldn't determine terminal size of "STDOUT_FILENO"!
2024/03/02 (20:42:47) | ERROR: Couldn't determine terminal size of "/dev/tty"!
2024/03/02 (20:42:48) | ERROR: Couldn't determine terminal size of "STDOUT_FILENO"!
2024/03/02 (20:42:48) | ERROR: Couldn't determine terminal size of "/dev/tty"!
2024/03/02 (20:42:48) | ERROR: Couldn't determine terminal size of "STDOUT_FILENO"!
2024/03/02 (20:42:48) | ERROR: Couldn't determine terminal size of "/dev/tty"!
2024/03/02 (20:42:48) | ERROR: Couldn't determine terminal size of "STDOUT_FILENO"!
2024/03/02 (20:42:48) | ERROR: Couldn't determine terminal size of "/dev/tty"!
2024/03/02 (20:42:48) | ERROR: Couldn't determine terminal size of "STDOUT_FILENO"!
2024/03/02 (20:42:48) | ERROR: Couldn't determine terminal size of "/dev/tty"!
2024/03/02 (20:42:48) | ERROR: Couldn't determine terminal size of "STDOUT_FILENO"!
2024/03/02 (20:42:48) | ERROR: Couldn't determine terminal size of "/dev/tty"!
2024/03/02 (20:42:48) | ERROR: Couldn't determine terminal size of "STDOUT_FILENO"!
2024/03/02 (20:42:48) | ERROR: Couldn't determine terminal size of "/dev/tty"!
2024/03/02 (20:42:48) | ERROR: Couldn't determine terminal size of "STDOUT_FILENO"!
2024/03/02 (20:42:48) | ERROR: Couldn't determine terminal size of "/dev/tty"!
2024/03/02 (20:42:48) | ERROR: Couldn't determine terminal size of "STDOUT_FILENO"!
2024/03/02 (20:42:48) | ERROR: Couldn't determine terminal size of "/dev/tty"!
2024/03/02 (20:42:48) | ERROR: Couldn't determine terminal size of "STDOUT_FILENO"!
2024/03/02 (20:42:48) | ERROR: Couldn't determine terminal size of "/dev/tty"!
2024/03/02 (20:42:48) | ERROR: Couldn't determine terminal size of "STDOUT_FILENO"!
2024/03/02 (20:42:48) | ERROR: Couldn't determine terminal size of "/dev/tty"!
2024/03/02 (20:42:48) | ERROR: Couldn't determine terminal size of "STDOUT_FILENO"!
2024/03/02 (20:42:48) | ERROR: Couldn't determine terminal size of "/dev/tty"!
2024/03/02 (20:42:48) | ERROR: Couldn't determine terminal size of "STDOUT_FILENO"!
2024/03/02 (20:42:48) | ERROR: Couldn't determine terminal size of "/dev/tty"!
2024/03/02 (20:42:48) | ERROR: Couldn't determine terminal size of "STDOUT_FILENO"!
2024/03/02 (20:42:48) | ERROR: Couldn't determine terminal size of "/dev/tty"!
2024/03/02 (20:42:48) | ERROR: Couldn't determine terminal size of "STDOUT_FILENO"!
2024/03/02 (20:42:48) | ERROR: Couldn't determine terminal size of "/dev/tty"!
2024/03/02 (20:42:48) | ERROR: Couldn't determine terminal size of "STDOUT_FILENO"!
2024/03/02 (20:42:48) | ERROR: Couldn't determine terminal size of "/dev/tty"!
2024/03/02 (20:42:48) | ERROR: Couldn't determine terminal size of "STDOUT_FILENO"!
2024/03/02 (20:42:48) | ERROR: Couldn't determine terminal size of "/dev/tty"!
2024/03/02 (20:42:48) | ERROR: Couldn't determine terminal size of "STDOUT_FILENO"!
2024/03/02 (20:42:48) | ERROR: Couldn't determine terminal size of "/dev/tty"!
2024/03/02 (20:42:48) | ERROR: Couldn't determine terminal size of "STDOUT_FILENO"!
2024/03/02 (20:42:48) | ERROR: Couldn't determine terminal size of "/dev/tty"!
2024/03/02 (20:42:48) | ERROR: Couldn't determine terminal size of "STDOUT_FILENO"!
2024/03/02 (20:42:48) | ERROR: Couldn't determine terminal size of "/dev/tty"!
2024/03/02 (20:42:48) | ERROR: Couldn't determine terminal size of "STDOUT_FILENO"!
2024/03/02 (20:42:48) | ERROR: Couldn't determine terminal size of "/dev/tty"!
2024/03/02 (20:42:48) | ERROR: Couldn't determine terminal size of "STDOUT_FILENO"!
2024/03/02 (20:42:48) | ERROR: Couldn't determine terminal size of "/dev/tty"!
2024/03/02 (20:42:48) | ERROR: Couldn't determine terminal size of "STDOUT_FILENO"!
2024/03/02 (20:42:48) | ERROR: Couldn't determine terminal size of "/dev/tty"!
2024/03/02 (20:42:48) | ERROR: Couldn't determine terminal size of "STDOUT_FILENO"!
2024/03/02 (20:42:48) | ERROR: Couldn't determine terminal size of "/dev/tty"!
2024/03/02 (20:42:48) | ERROR: Couldn't determine terminal size of "STDOUT_FILENO"!
2024/03/02 (20:42:48) | ERROR: Couldn't determine terminal size of "/dev/tty"!
2024/03/02 (20:42:48) | ERROR: Couldn't determine terminal size of "STDOUT_FILENO"!
2024/03/02 (20:42:48) | ERROR: Couldn't determine terminal size of "/dev/tty"!
2024/03/02 (20:42:48) | ERROR: Couldn't determine terminal size of "STDOUT_FILENO"!
2024/03/02 (20:42:48) | ERROR: Couldn't determine terminal size of "/dev/tty"!
2024/03/02 (20:42:48) | ERROR: Couldn't determine terminal size of "STDOUT_FILENO"!
2024/03/02 (20:42:48) | ERROR: Couldn't determine terminal size of "/dev/tty"!
2024/03/02 (20:42:48) | ERROR: Couldn't determine terminal size of "STDOUT_FILENO"!
2024/03/02 (20:42:48) | ERROR: Couldn't determine terminal size of "/dev/tty"!
2024/03/02 (20:42:48) | ERROR: Couldn't determine terminal size of "STDOUT_FILENO"!
2024/03/02 (20:42:48) | ERROR: Couldn't determine terminal size of "/dev/tty"!
2024/03/02 (20:42:48) | ERROR: Couldn't determine terminal size of "STDOUT_FILENO"!
2024/03/02 (20:42:48) | ERROR: Couldn't determine terminal size of "/dev/tty"!
2024/03/02 (20:42:48) | ERROR: Couldn't determine terminal size of "STDOUT_FILENO"!
2024/03/02 (20:42:48) | ERROR: Couldn't determine terminal size of "/dev/tty"!
2024/03/02 (20:42:48) | ERROR: Couldn't determine terminal size of "STDOUT_FILENO"!
2024/03/02 (20:42:48) | ERROR: Couldn't determine terminal size of "/dev/tty"!
2024/03/02 (20:42:48) | ERROR: Couldn't determine terminal size of "STDOUT_FILENO"!
2024/03/02 (20:42:48) | ERROR: Couldn't determine terminal size of "/dev/tty"!
2024/03/02 (20:42:48) | ERROR: Couldn't determine terminal size of "STDOUT_FILENO"!
2024/03/02 (20:42:48) | ERROR: Couldn't determine terminal size of "/dev/tty"!
2024/03/02 (20:42:48) | ERROR: Couldn't determine terminal size of "STDOUT_FILENO"!
2024/03/02 (20:42:48) | ERROR: Couldn't determine terminal size of "/dev/tty"!
2024/03/02 (20:42:48) | ERROR: Couldn't determine terminal size of "STDOUT_FILENO"!
2024/03/02 (20:42:48) | ERROR: Couldn't determine terminal size of "/dev/tty"!
2024/03/02 (20:42:48) | ERROR: Couldn't determine terminal size of "STDOUT_FILENO"!
2024/03/02 (20:42:48) | ERROR: Couldn't determine terminal size of "/dev/tty"!
2024/03/02 (20:42:48) | ERROR: Couldn't determine terminal size of "STDOUT_FILENO"!
2024/03/02 (20:42:48) | ERROR: Couldn't determine terminal size of "/dev/tty"!
2024/03/02 (20:42:48) | ERROR: Couldn't determine terminal size of "STDOUT_FILENO"!
2024/03/02 (20:42:48) | ERROR: Couldn't determine terminal size of "/dev/tty"!
2024/03/02 (20:42:48) | ERROR: Couldn't determine terminal size of "STDOUT_FILENO"!
2024/03/02 (20:42:48) | ERROR: Couldn't determine terminal size of "/dev/tty"!
2024/03/02 (20:42:48) | ERROR: Couldn't determine terminal size of "STDOUT_FILENO"!
2024/03/02 (20:42:48) | ERROR: Couldn't determine terminal size of "/dev/tty"!
2024/03/02 (20:42:48) | ERROR: Couldn't determine terminal size of "STDOUT_FILENO"!
2024/03/02 (20:42:48) | ERROR: Couldn't determine terminal size of "/dev/tty"!
2024/03/02 (20:42:48) | ERROR: Couldn't determine terminal size of "STDOUT_FILENO"!
2024/03/02 (20:42:48) | ERROR: Couldn't determine terminal size of "/dev/tty"!
2024/03/02 (20:42:48) | ERROR: Couldn't determine terminal size of "STDOUT_FILENO"!
2024/03/02 (20:42:48) | ERROR: Couldn't determine terminal size of "/dev/tty"!
2024/03/02 (20:42:48) | ERROR: Couldn't determine terminal size of "STDOUT_FILENO"!
2024/03/02 (20:42:48) | ERROR: Couldn't determine terminal size of "/dev/tty"!
2024/03/02 (20:42:48) | ERROR: Couldn't determine terminal size of "STDOUT_FILENO"!
2024/03/02 (20:42:48) | ERROR: Couldn't determine terminal size of "/dev/tty"!
2024/03/02 (20:42:48) | ERROR: Couldn't determine terminal size of "STDOUT_FILENO"!
2024/03/02 (20:42:48) | ERROR: Couldn't determine terminal size of "/dev/tty"!
2024/03/02 (20:42:48) | ERROR: Couldn't determine terminal size of "STDOUT_FILENO"!
2024/03/02 (20:42:48) | ERROR: Couldn't determine terminal size of "/dev/tty"!
2024/03/02 (20:42:48) | ERROR: Couldn't determine terminal size of "STDOUT_FILENO"!
2024/03/02 (20:42:48) | ERROR: Couldn't determine terminal size of "/dev/tty"!
2024/03/02 (20:42:48) | ERROR: Couldn't determine terminal size of "STDOUT_FILENO"!
2024/03/02 (20:42:48) | ERROR: Couldn't determine terminal size of "/dev/tty"!
2024/03/02 (20:42:48) | ERROR: Couldn't determine terminal size of "STDOUT_FILENO"!
2024/03/02 (20:42:48) | ERROR: Couldn't determine terminal size of "/dev/tty"!
2024/03/02 (20:42:48) | ERROR: Couldn't determine terminal size of "STDOUT_FILENO"!
2024/03/02 (20:42:48) | ERROR: Couldn't determine terminal size of "/dev/tty"!
2024/03/02 (20:42:48) | ERROR: Couldn't determine terminal size of "STDOUT_FILENO"!
2024/03/02 (20:42:48) | ERROR: Couldn't determine terminal size of "/dev/tty"!
2024/03/02 (20:42:48) | ERROR: Couldn't determine terminal size of "STDOUT_FILENO"!
2024/03/02 (20:42:48) | ERROR: Couldn't determine terminal size of "/dev/tty"!
2024/03/02 (20:42:48) | ERROR: Couldn't determine terminal size of "STDOUT_FILENO"!
2024/03/02 (20:42:48) | ERROR: Couldn't determine terminal size of "/dev/tty"!
2024/03/02 (20:42:48) | ERROR: Couldn't determine terminal size of "STDOUT_FILENO"!
2024/03/02 (20:42:48) | ERROR: Couldn't determine terminal size of "/dev/tty"!
2024/03/02 (20:42:48) | ERROR: Couldn't determine terminal size of "STDOUT_FILENO"!
2024/03/02 (20:42:48) | ERROR: Couldn't determine terminal size of "/dev/tty"!
2024/03/02 (20:42:48) | ERROR: Couldn't determine terminal size of "STDOUT_FILENO"!
2024/03/02 (20:42:48) | ERROR: Couldn't determine terminal size of "/dev/tty"!
2024/03/02 (20:42:48) | ERROR: Couldn't determine terminal size of "STDOUT_FILENO"!
2024/03/02 (20:42:48) | ERROR: Couldn't determine terminal size of "/dev/tty"!
2024/03/02 (20:42:48) | ERROR: Couldn't determine terminal size of "STDOUT_FILENO"!
2024/03/02 (20:42:48) | ERROR: Couldn't determine terminal size of "/dev/tty"!
2024/03/02 (20:42:48) | ERROR: Couldn't determine terminal size of "STDOUT_FILENO"!
2024/03/02 (20:42:48) | ERROR: Couldn't determine terminal size of "/dev/tty"!
2024/03/02 (20:42:48) | ERROR: Failed to get size of terminal!

2024/03/02 (20:43:02) | ===> btop++ v.1.3.2
2024/03/02 (20:43:02) | WARNING: No good candidate for cpu sensor found, using random from all found sensors.

2024/03/02 (21:15:59) | ===> btop++ v.1.3.2
2024/03/02 (21:15:59) | WARNING: No good candidate for cpu sensor found, using random from all found sensors.

2024/03/02 (21:48:34) | ===> btop++ v.1.3.2
2024/03/02 (21:48:34) | WARNING: No good candidate for cpu sensor found, using random from all found sensors.

2024/03/03 (18:46:25) | ===> btop++ v.1.3.2
2024/03/03 (18:46:25) | WARNING: No good candidate for cpu sensor found, using random from all found sensors.

2024/03/03 (19:32:44) | ===> btop++ v.1.3.2
2024/03/03 (19:32:44) | WARNING: No good candidate for cpu sensor found, using random from all found sensors.

2024/03/03 (19:43:59) | ===> btop++ v.1.3.2
2024/03/03 (19:43:59) | WARNING: No good candidate for cpu sensor found, using random from all found sensors.

2024/03/09 (21:33:36) | ===> btop++ v.1.3.2
2024/03/09 (21:33:36) | WARNING: No good candidate for cpu sensor found, using random from all found sensors.

2024/03/10 (08:19:04) | ===> btop++ v.1.3.2
2024/03/10 (08:19:04) | WARNING: No good candidate for cpu sensor found, using random from all found sensors.

2024/03/11 (13:40:44) | ===> btop++ v.1.3.2
2024/03/11 (13:40:44) | WARNING: No good candidate for cpu sensor found, using random from all found sensors.

2024/03/11 (14:12:03) | ===> btop++ v.1.3.2
2024/03/11 (14:12:03) | WARNING: No good candidate for cpu sensor found, using random from all found sensors.

2024/03/12 (06:28:42) | ===> btop++ v.1.3.2
2024/03/12 (06:28:42) | WARNING: No good candidate for cpu sensor found, using random from all found sensors.

2024/03/16 (18:39:17) | ===> btop++ v.1.3.2
2024/03/16 (18:39:17) | WARNING: No good candidate for cpu sensor found, using random from all found sensors.

2024/03/19 (14:56:26) | ===> btop++ v.1.3.2
2024/03/19 (14:56:26) | WARNING: No good candidate for cpu sensor found, using random from all found sensors.

2024/03/19 (15:38:41) | ===> btop++ v.1.3.2
2024/03/19 (15:38:41) | WARNING: No good candidate for cpu sensor found, using random from all found sensors.

2024/03/20 (19:40:20) | ===> btop++ v.1.3.2
2024/03/20 (19:40:20) | WARNING: No good candidate for cpu sensor found, using random from all found sensors.

2024/03/23 (16:11:41) | ===> btop++ v.1.3.2
2024/03/23 (16:11:41) | WARNING: No good candidate for cpu sensor found, using random from all found sensors.

2024/03/27 (15:02:39) | ===> btop++ v.1.3.2
2024/03/27 (15:02:39) | WARNING: No good candidate for cpu sensor found, using random from all found sensors.

2024/03/27 (15:55:28) | ===> btop++ v.1.3.2
2024/03/27 (15:55:28) | WARNING: No good candidate for cpu sensor found, using random from all found sensors.

2024/03/27 (19:39:25) | ===> btop++ v.1.3.2
2024/03/27 (19:39:25) | WARNING: No good candidate for cpu sensor found, using random from all found sensors.

2024/03/28 (15:55:17) | ===> btop++ v.1.3.2
2024/03/28 (15:55:17) | WARNING: No good candidate for cpu sensor found, using random from all found sensors.
